10.0.0.22
2025-06-01T08:55:00Z GET /login?user_id=analyst1
2025-06-01T08:55:05Z GET /dashboard/styles.css
2025-06-01T08:55:06Z GET /dashboard/script.js
2025-06-01T08:55:10Z GET /api/machines/status?user_id=analyst1
2025-06-01T08:55:20Z GET /api/machines/status?user_id=analyst1
2025-06-01T08:55:30Z GET /api/machines/status?user_id=analyst1

192.168.0.99
2025-06-01T09:30:00Z GET /login?user_id=tester
2025-06-01T09:30:05Z GET /dashboard/styles.css
2025-06-01T09:30:06Z GET /dashboard/script.js
2025-06-01T09:30:10Z GET /api/machines/status?user_id=tester
2025-06-01T09:30:20Z GET /api/machines/status?user_id=tester
2025-06-01T09:30:30Z GET /api/machines/status?user_id=tester

203.45.22.101
2025-06-01T10:00:00Z GET /login?user_id=intruder
2025-06-01T10:00:05Z GET /dashboard/styles.css
2025-06-01T10:00:06Z GET /dashboard/script.js
2025-06-01T10:00:10Z GET /api/machines/status?user_id=intruder
2025-06-01T10:00:20Z GET /api/machines/status?user_id=intruder
2025-06-01T10:00:30Z GET /api/machines/status?user_id=intruder
